<?xml version="1.0" encoding="UTF-8"?>
<testng-results skipped="0" failed="0" ignored="0" total="1" passed="1">
  <reporter-output>
  </reporter-output>
  <suite name="Default suite" duration-ms="37769" started-at="2020-05-08T09:36:23 IST" finished-at="2020-05-08T09:37:00 IST">
    <groups>
    </groups>
    <test name="Default test" duration-ms="37769" started-at="2020-05-08T09:36:23 IST" finished-at="2020-05-08T09:37:00 IST">
      <class name="Gmail.XLSXDatadriven">
        <test-method status="PASS" signature="beforeTest()[pri:0, instance:Gmail.XLSXDatadriven@2b552920]" name="beforeTest" is-config="true" duration-ms="12098" started-at="2020-05-08T09:36:23 IST" finished-at="2020-05-08T09:36:35 IST">
          <reporter-output>
          </reporter-output>
        </test-method> <!-- beforeTest -->
        <test-method status="PASS" signature="f()[pri:0, instance:Gmail.XLSXDatadriven@2b552920]" name="f" duration-ms="25646" started-at="2020-05-08T09:36:35 IST" finished-at="2020-05-08T09:37:00 IST">
          <reporter-output>
          </reporter-output>
        </test-method> <!-- f -->
        <test-method status="PASS" signature="afterTest()[pri:0, instance:Gmail.XLSXDatadriven@2b552920]" name="afterTest" is-config="true" duration-ms="0" started-at="2020-05-08T09:37:00 IST" finished-at="2020-05-08T09:37:00 IST">
          <reporter-output>
          </reporter-output>
        </test-method> <!-- afterTest -->
      </class> <!-- Gmail.XLSXDatadriven -->
    </test> <!-- Default test -->
  </suite> <!-- Default suite -->
</testng-results>
